<?xml version="1.0" encoding="UTF-8"?>
<testsuite name="is.ru.tictactoe.TicTacToePlayerTest" tests="2" skipped="0" failures="0" errors="0" timestamp="2015-11-05T11:23:14" hostname="C3P0" time="0.0">
  <properties/>
  <testcase name="testIncrementWinCount" classname="is.ru.tictactoe.TicTacToePlayerTest" time="0.0"/>
  <testcase name="testGetName" classname="is.ru.tictactoe.TicTacToePlayerTest" time="0.0"/>
  <system-out><![CDATA[]]></system-out>
  <system-err><![CDATA[]]></system-err>
</testsuite>
